<?xml version="1.0" encoding="UTF-8"?>
<testsuite name="com.im.test.TransactionSpec" tests="8" skipped="0" failures="0" errors="0" timestamp="2016-02-16T16:34:19" hostname="diksha-TravelMate-P257-M" time="0.308">
  <properties/>
  <testcase name="1" classname="com.im.test.TransactionSpec" time="0.139"/>
  <testcase name="2" classname="com.im.test.TransactionSpec" time="0.001"/>
  <testcase name="testing sell() when exceptiion is thrown" classname="com.im.test.TransactionSpec" time="0.008"/>
  <testcase name="cancellation of sale" classname="com.im.test.TransactionSpec" time="0.1"/>
  <testcase name="1" classname="com.im.test.TransactionSpec" time="0.001"/>
  <testcase name="2" classname="com.im.test.TransactionSpec" time="0.001"/>
  <testcase name="3" classname="com.im.test.TransactionSpec" time="0.055"/>
  <testcase name="4" classname="com.im.test.TransactionSpec" time="0.0"/>
  <system-out><![CDATA[]]></system-out>
  <system-err><![CDATA[]]></system-err>
</testsuite>
